[INFO] [1775761337.898624510] [hoverboard_driver_node]: I heard something: 0.000000, 0.000000
[INFO] [1775761339.417939317] [hoverboard_driver_node]: I heard something: -100.000000, -100.000000
[INFO] [1775761339.558090552] [hoverboard_driver_node]: I heard something: 0.000000, 0.000000
[INFO] [1775761339.918029042] [hoverboard_driver_node]: I heard something: -69.000000, -69.000000
[INFO] [1775761339.977900618] [hoverboard_driver_node]: I heard something: -100.000000, -100.000000
[INFO] [1775761340.157865055] [hoverboard_driver_node]: I heard something: -76.000000, -76.000000
[INFO] [1775761340.217898876] [hoverboard_driver_node]: I heard something: 0.000000, 0.000000
[INFO] [1775761340.417758588] [hoverboard_driver_node]: I heard something: -86.000000, -86.000000
[INFO] [1775761340.477856578] [hoverboard_driver_node]: I heard something: -100.000000, -100.000000
[INFO] [1775761341.118179564] [hoverboard_driver_node]: I heard something: -124.500000, -33.500000
[INFO] [1775761341.157912096] [hoverboard_driver_node]: I heard something: 0.000000, 0.000000
[INFO] [1775761341.217961882] [hoverboard_driver_node]: I heard something: 100.000000, 100.000000
[INFO] [1775761341.637861201] [hoverboard_driver_node]: I heard something: 0.000000, 0.000000
[INFO] [1775761342.077949009] [hoverboard_driver_node]: I heard something: -45.000000, -45.000000
[INFO] [1775761342.137910237] [hoverboard_driver_node]: I heard something: -100.000000, -100.000000
[INFO] [1775761342.578108210] [hoverboard_driver_node]: I heard something: -110.400002, -89.599998
[INFO] [1775761342.597937385] [hoverboard_driver_node]: I heard something: -220.800003, -179.199997
[INFO] [1775761342.638027128] [hoverboard_driver_node]: I heard something: -255.199997, -88.800003
[INFO] [1775761342.677954265] [hoverboard_driver_node]: I heard something: -38.000000, -38.000000
[INFO] [1775761342.738077458] [hoverboard_driver_node]: I heard something: 0.000000, 0.000000
[INFO] [1775761342.958029084] [hoverboard_driver_node]: I heard something: 130.000000, 130.000000
[INFO] [1775761343.018378973] [hoverboard_driver_node]: I heard something: 200.000000, 200.000000
[INFO] [1775761343.277972451] [hoverboard_driver_node]: I heard something: 62.000000, 62.000000
[INFO] [1775761343.317989338] [hoverboard_driver_node]: I heard something: 0.000000, 0.000000
[INFO] [1775761343.377930509] [hoverboard_driver_node]: I heard something: -120.000000, -120.000000
[INFO] [1775761343.418029680] [hoverboard_driver_node]: I heard something: -200.000000, -200.000000
[INFO] [1775761343.637913355] [hoverboard_driver_node]: I heard something: -136.000000, -136.000000
[INFO] [1775761343.697933067] [hoverboard_driver_node]: I heard something: 0.000000, 0.000000
[INFO] [1775761344.177968780] [hoverboard_driver_node]: I heard something: -75.199997, -75.199997
[INFO] [1775761344.237941671] [hoverboard_driver_node]: I heard something: -80.000000, -80.000000
[INFO] [1775761345.537854003] [hoverboard_driver_node]: I heard something: -17.559999, -97.639999
[INFO] [1775761345.737865414] [hoverboard_driver_node]: I heard something: 0.000000, 0.000000
[INFO] [1775761346.398021915] [hoverboard_driver_node]: I heard something: -52.000000, 52.000000
[INFO] [1775761346.458013806] [hoverboard_driver_node]: I heard something: 0.000000, 0.000000
[INFO] [1775761346.918091676] [hoverboard_driver_node]: I heard something: -52.000000, 52.000000
[INFO] [1775761347.037958051] [hoverboard_driver_node]: I heard something: -24.959999, 24.959999
[INFO] [1775761347.098075915] [hoverboard_driver_node]: I heard something: 0.000000, 0.000000
[INFO] [1775761347.518080904] [hoverboard_driver_node]: I heard something: 42.639999, -42.639999
[INFO] [1775761347.578012784] [hoverboard_driver_node]: I heard something: 52.000000, -52.000000
[INFO] [1775761347.677967344] [hoverboard_driver_node]: I heard something: 27.559999, -27.559999
[INFO] [1775761347.718183155] [hoverboard_driver_node]: I heard something: 0.000000, 0.000000
[INFO] [1775761348.177920467] [hoverboard_driver_node]: I heard something: -2.600000, 2.600000
[INFO] [1775761348.218029852] [hoverboard_driver_node]: I heard something: -52.000000, 52.000000
[INFO] [1775761348.337908795] [hoverboard_driver_node]: I heard something: 0.000000, 0.000000
[INFO] [1775761352.657765437] [rclcpp]: signal_handler(SIGINT/SIGTERM)
